# GNU Make 3.81
# Copyright (C) 2006  Free Software Foundation, Inc.
# This is free software; see the source for copying conditions.
# There is NO warranty; not even for MERCHANTABILITY or FITNESS FOR A
# PARTICULAR PURPOSE.

# This program built for i386-apple-darwin11.3.0

# Make data base, printed on Wed Jul  6 04:14:30 2022

# Variables

# automatic
<D = $(patsubst %/,%,$(dir $<))
# automatic
?F = $(notdir $?)
# environment
FIG_WORKFLOWS_KEYBIND = ^f
# environment
__NIX_DARWIN_SET_ENVIRONMENT_DONE = 1
# environment
VSCODE_LOG_NATIVE = false
# environment
NVM_INC = /Users/mohamedelashri/.nvm/versions/node/v16.13.1/include/node
# automatic
?D = $(patsubst %/,%,$(dir $?))
# automatic
@D = $(patsubst %/,%,$(dir $@))
# automatic
@F = $(notdir $@)
# makefile
CURDIR := /Users/mohamedelashri/Desktop/LHCb/KinkTracks
# makefile
SHELL = /bin/sh
# environment
VSCODE_NLS_CONFIG = {"locale":"en-us","availableLanguages":{},"_languagePackSupport":true}
# environment
_ = /usr/bin/make
# environment
XDG_CONFIG_DIRS = /Users/mohamedelashri/.nix-profile/etc/xdg:/run/current-system/sw/etc/xdg:/nix/var/nix/profiles/default/etc/xdg
# makefile
MAKEFILE_LIST := 
# environment
XDG_DATA_DIRS = /Users/mohamedelashri/.nix-profile/share:/run/current-system/sw/share:/nix/var/nix/profiles/default/share
# environment
VSCODE_VERBOSE_LOGGING = true
# environment
AUTO_NOTIFY_THRESHOLD = 10
# environment
__CFBundleIdentifier = com.visualstudio.code.oss
# environment
INFOPATH = /opt/homebrew/share/info:
# environment
P9K_SSH = 0
# environment
VSCODE_IPC_HOOK_EXTHOST = /var/folders/kt/_8dpvtks60v1dwnmpsxpzg4h0000gn/T/vscode-ipc-732384af-f239-4a75-84a3-6aaa2f83d70f.sock
# environment
VSCODE_CWD = /
# environment
PATH = /opt/homebrew/lib/ruby/gems/3.1.0/bin:/opt/homebrew/opt/ruby/bin:/Users/mohamedelashri/.pyenv/shims:/opt/homebrew/opt/python@3.8/bin:/opt/homebrew/opt/python@3.8/bin:/opt/homebrew/opt/python@3.8/bin:/opt/homebrew/opt/python@3.8/bin:/Users/mohamedelashri/.nix-profile/bin:/opt/homebrew/Cellar/pyenv-virtualenv/1.1.5/shims:/Users/mohamedelashri/.nvm/versions/node/v16.13.1/bin:/opt/homebrew/opt/python@3.8/bin:/usr/local/bin:/opt/local/bin:/opt/local/sbin:/opt/homebrew/bin:/opt/homebrew/sbin:/Users/mohamedelashri/.nix-profile/bin:/Users/mohamedelashri/.nix-profile/bin:/run/current-system/sw/bin:/nix/var/nix/profiles/default/bin:/usr/local/bin:/usr/bin:/usr/sbin:/bin:/sbin:/Users/mohamedelashri/.fig/bin:/Users/mohamedelashri/.local/bin:/Applications/ShellHistory.app/Contents/Helpers
# environment
AUTO_NOTIFY_EXPIRE_TIME = 8000
# environment
AUTO_NOTIFY_VERSION = 0.8.0
# environment
LSCOLORS = Gxfxcxdxbxegedabagacad
# environment
MICRO_TRUECOLOR = 1
# environment
NIX_USER_PROFILE_DIR = /nix/var/nix/profiles/per-user/mohamedelashri
# environment
NVM_BIN = /Users/mohamedelashri/.nvm/versions/node/v16.13.1/bin
# environment
VSCODE_LOG_STACK = false
# environment
ELECTRON_RUN_AS_NODE = 1
# default
.FEATURES := target-specific order-only second-expansion else-if archives jobserver check-symlink
# environment
SSH_AUTH_SOCK = /private/tmp/com.apple.launchd.Yd7IjkoTJX/Listeners
# automatic
%F = $(notdir $%)
# environment
DISPLAY = /private/tmp/com.apple.launchd.woGEFGz3FR/org.xquartz:0
# environment
TTY = not a tty
# environment
NIX_SSL_CERT_FILE = /etc/ssl/certs/ca-certificates.crt
# environment
VSCODE_PIPE_LOGGING = true
# environment
FIG_PID = 47744
# environment
PWD = /Users/mohamedelashri/Desktop/LHCb/KinkTracks
# environment
HOMEBREW_CELLAR = /opt/homebrew/Cellar
# environment
ORIGINAL_XDG_CURRENT_DESKTOP = undefined
# environment
MANPATH = /Users/mohamedelashri/.nix-profile/share/man:/Users/mohamedelashri/.nvm/versions/node/v16.13.1/share/man:/opt/local/share/man:/opt/homebrew/share/man::
# environment
VSCODE_AMD_ENTRYPOINT = vs/workbench/api/node/extensionHostProcess
# environment
PYENV_SHELL = zsh
# environment
HOME = /Users/mohamedelashri
# default
MAKEFILEPATH := /Applications/Xcode.app/Contents/Developer/Makefiles
# environment
VSCODE_CODE_CACHE_PATH = /Users/mohamedelashri/Library/Application Support/VSCodium/CachedData/30d9c6cd9483b2cc586687151bcbcd635f373630
# environment
LOGNAME = mohamedelashri
# environment
APPLICATION_INSIGHTS_NO_DIAGNOSTIC_CHANNEL = true
# environment
NVM_CD_FLAGS = -q
# environment
ZSH = /Users/mohamedelashri/.oh-my-zsh
# environment
VSCODE_HANDLES_UNCAUGHT_ERRORS = true
# automatic
^D = $(patsubst %/,%,$(dir $^))
# environment
XPC_FLAGS = 0x0
# default
MAKE = $(MAKE_COMMAND)
# default
MAKECMDGOALS := all
# environment
SHLVL = 1
# environment
NIX_PATH = darwin-config=/Users/mohamedelashri/.nixpkgs/darwin-configuration.nix:/nix/var/nix/profiles/per-user/root/channels:/Users/mohamedelashri/.nix-defexpr/channels:/Users/mohamedelashri/.nix-defexpr/channels:/Users/mohamedelashri/.nix-defexpr/channels
# environment
NIX_PROFILES = /nix/var/nix/profiles/default /Users/mohamedelashri/.nix-profile
# default
MAKE_VERSION := 3.81
# environment
USER = mohamedelashri
# makefile
.DEFAULT_GOAL := 
# environment
LESS = -R
# automatic
%D = $(patsubst %/,%,$(dir $%))
# default
MAKE_COMMAND := /Applications/Xcode.app/Contents/Developer/usr/bin/make
# default
.VARIABLES := 
# environment
TMPDIR = /var/folders/kt/_8dpvtks60v1dwnmpsxpzg4h0000gn/T/
# automatic
*F = $(notdir $*)
# environment
VSCODE_IPC_HOOK = /Users/mohamedelashri/Library/Application Support/VSCodium/1.68.1-main.sock
# environment
__ETC_ZSHENV_SOURCED = 1
# makefile
MAKEFLAGS = Rrqp
# environment
MFLAGS = -Rrqp
# automatic
*D = $(patsubst %/,%,$(dir $*))
# environment
NVM_DIR = /Users/mohamedelashri/.nvm
# environment
XPC_SERVICE_NAME = application.com.visualstudio.code.oss.72893488.72893493
# environment
HOMEBREW_PREFIX = /opt/homebrew
# automatic
+D = $(patsubst %/,%,$(dir $+))
# automatic
+F = $(notdir $+)
# environment
HOMEBREW_REPOSITORY = /opt/homebrew
# environment
__CF_USER_TEXT_ENCODING = 0x1F5:0x0:0x0
# environment
COMMAND_MODE = unix2003
# default
MAKEFILES := 
# automatic
<F = $(notdir $<)
# environment
EDITOR = nano
# environment
PAGER = less -R
# environment
LC_ALL = C
# automatic
^F = $(notdir $^)
# default
SUFFIXES := 
# environment
PYENV_VIRTUALENV_INIT = 1
# default
.INCLUDE_DIRS = /usr/local/include
# environment
MAKELEVEL := 0
# environment
LANG = C
# environment
TERM = 
# environment
VSCODE_PID = 47578
# variable set hash-table stats:
# Load=96/1024=9%, Rehash=0, Collisions=3/117=3%

# Pattern-specific Variable Values

# No pattern-specific variable values.

# Directories

# . (device 16777232, inode 73035717): 6 files, no impossibilities.

# 6 files, no impossibilities in 1 directories.

# Implicit Rules

# No implicit rules.

# Files

# Not a target:
all:
#  Command-line target.
#  Implicit rule search has been done.
#  File does not exist.
#  File has not been updated.
# variable set hash-table stats:
# Load=0/32=0%, Rehash=0, Collisions=0/0=0%

# Not a target:
.SUFFIXES:
#  Implicit rule search has not been done.
#  Modification time never checked.
#  File has not been updated.

# Not a target:
Makefile:
#  A default, MAKEFILES, or -include/sinclude makefile.
#  Implicit rule search has been done.
#  File does not exist.
#  File has been updated.
#  Failed to be updated.
# variable set hash-table stats:
# Load=0/32=0%, Rehash=0, Collisions=0/0=0%

# Not a target:
makefile:
#  A default, MAKEFILES, or -include/sinclude makefile.
#  Implicit rule search has been done.
#  File does not exist.
#  File has been updated.
#  Failed to be updated.
# variable set hash-table stats:
# Load=0/32=0%, Rehash=0, Collisions=0/0=0%

# Not a target:
.DEFAULT:
#  Implicit rule search has not been done.
#  Modification time never checked.
#  File has not been updated.

# Not a target:
GNUmakefile:
#  A default, MAKEFILES, or -include/sinclude makefile.
#  Implicit rule search has been done.
#  File does not exist.
#  File has been updated.
#  Failed to be updated.
# variable set hash-table stats:
# Load=0/32=0%, Rehash=0, Collisions=0/0=0%

# files hash-table stats:
# Load=6/1024=1%, Rehash=0, Collisions=0/17=0%
# VPATH Search Paths

# No `vpath' search paths.

# No general (`VPATH' variable) search path.

# # of strings in strcache: 0
# # of strcache buffers: 0
 
make: *** No rule to make target `all'.  Stop.

# strcache size: total = 0 / max = 0 / min = 4096 / avg = 0
# strcache free: total = 0 / max = 0 / min = 4096 / avg = 0

# Finished Make data base on Wed Jul  6 04:14:30 2022

 
